<?xml version="1.0" encoding="UTF-8"?>
<!-- Generated by org.testng.reporters.JUnitXMLReporter -->
<testsuite hostname="DESKTOP-BH1F0C3" ignored="3" name="Default test" tests="1" failures="0" timestamp="26 Apr 2022 14:48:16 GMT" time="121.753" errors="0">
  <testcase name="testcase3" time="96.938" classname="TestPackage.TestClass"/>
  <testcase name="test" time="0.0" classname="TestPackage.TestClass">
    <ignored/>
  </testcase> <!-- test -->
  <testcase name="test1" time="0.0" classname="TestPackage.TestClass">
    <ignored/>
  </testcase> <!-- test1 -->
  <testcase name="testcase2" time="0.0" classname="TestPackage.TestClass">
    <ignored/>
  </testcase> <!-- testcase2 -->
</testsuite> <!-- Default test -->
