<?xml version="1.0" encoding="UTF-8"?>
<testng-results skipped="0" failed="0" ignored="3" total="4" passed="1">
  <reporter-output>
  </reporter-output>
  <suite name="Default suite" duration-ms="121753" started-at="2022-04-26T14:46:14Z" finished-at="2022-04-26T14:48:16Z">
    <groups>
    </groups>
    <test name="Default test" duration-ms="121753" started-at="2022-04-26T14:46:14Z" finished-at="2022-04-26T14:48:16Z">
      <class name="TestPackage.TestClass">
        <test-method status="PASS" signature="BT()[pri:0, instance:TestPackage.TestClass@75f32542]" name="BT" is-config="true" duration-ms="24758" started-at="2022-04-26T14:46:14Z" finished-at="2022-04-26T14:46:39Z">
          <reporter-output>
          </reporter-output>
        </test-method> <!-- BT -->
        <test-method status="PASS" signature="testcase3()[pri:0, instance:TestPackage.TestClass@75f32542]" name="testcase3" duration-ms="96938" started-at="2022-04-26T14:46:39Z" finished-at="2022-04-26T14:48:16Z">
          <reporter-output>
          </reporter-output>
        </test-method> <!-- testcase3 -->
      </class> <!-- TestPackage.TestClass -->
    </test> <!-- Default test -->
  </suite> <!-- Default suite -->
</testng-results>
